<?xml version="1.0" encoding="UTF-8"?>
<testng-results ignored="0" total="6" passed="6" failed="0" skipped="0">
  <reporter-output>
  </reporter-output>
  <suite started-at="2024-07-02T01:01:07 IST" name="All Test Suite" finished-at="2024-07-02T01:02:01 IST" duration-ms="54230">
    <groups>
    </groups>
    <test started-at="2024-07-02T01:01:07 IST" name="Chrome Tests" finished-at="2024-07-02T01:02:01 IST" duration-ms="54153">
      <class name="org.kadam.SignInPageTest">
        <test-method is-config="true" signature="setupBrowser(java.lang.String,java.lang.String)[pri:0, instance:org.kadam.SignInPageTest@6af93788]" started-at="2024-07-02T01:01:07 IST" name="setupBrowser" finished-at="2024-07-02T01:01:11 IST" duration-ms="4459" status="PASS">
          <params>
            <param index="0">
              <value>
                <![CDATA[chrome]]>
              </value>
            </param>
            <param index="1">
              <value>
                <![CDATA[https://kadam-admin-fe.web.app/]]>
              </value>
            </param>
          </params>
          <reporter-output>
          </reporter-output>
        </test-method> <!-- setupBrowser -->
        <test-method signature="signInpageUI()[pri:1, instance:org.kadam.SignInPageTest@6af93788]" started-at="2024-07-02T01:01:11 IST" name="signInpageUI" finished-at="2024-07-02T01:01:12 IST" duration-ms="1040" status="PASS">
          <reporter-output>
          </reporter-output>
        </test-method> <!-- signInpageUI -->
        <test-method signature="loginTestFlow()[pri:2, instance:org.kadam.SignInPageTest@6af93788]" started-at="2024-07-02T01:01:12 IST" name="loginTestFlow" finished-at="2024-07-02T01:01:58 IST" duration-ms="45501" status="PASS">
          <reporter-output>
          </reporter-output>
        </test-method> <!-- loginTestFlow -->
        <test-method signature="loginRealFlow()[pri:3, instance:org.kadam.SignInPageTest@6af93788]" started-at="2024-07-02T01:01:58 IST" name="loginRealFlow" finished-at="2024-07-02T01:02:01 IST" duration-ms="2798" status="PASS">
          <reporter-output>
          </reporter-output>
        </test-method> <!-- loginRealFlow -->
        <test-method is-config="true" signature="closeBrowser()[pri:0, instance:org.kadam.SignInPageTest@6af93788]" started-at="2024-07-02T01:02:01 IST" name="closeBrowser" finished-at="2024-07-02T01:02:01 IST" duration-ms="339" status="PASS">
          <reporter-output>
          </reporter-output>
        </test-method> <!-- closeBrowser -->
      </class> <!-- org.kadam.SignInPageTest -->
    </test> <!-- Chrome Tests -->
    <test started-at="2024-07-02T01:01:07 IST" name="Edge Tests" finished-at="2024-07-02T01:02:01 IST" duration-ms="54230">
      <class name="org.kadam.SignInPageTest">
        <test-method is-config="true" signature="setupBrowser(java.lang.String,java.lang.String)[pri:0, instance:org.kadam.SignInPageTest@9353778]" started-at="2024-07-02T01:01:07 IST" name="setupBrowser" finished-at="2024-07-02T01:01:11 IST" duration-ms="4000" status="PASS">
          <params>
            <param index="0">
              <value>
                <![CDATA[edge]]>
              </value>
            </param>
            <param index="1">
              <value>
                <![CDATA[https://kadam-admin-fe.web.app/]]>
              </value>
            </param>
          </params>
          <reporter-output>
          </reporter-output>
        </test-method> <!-- setupBrowser -->
        <test-method signature="signInpageUI()[pri:1, instance:org.kadam.SignInPageTest@9353778]" started-at="2024-07-02T01:01:11 IST" name="signInpageUI" finished-at="2024-07-02T01:01:12 IST" duration-ms="1207" status="PASS">
          <reporter-output>
          </reporter-output>
        </test-method> <!-- signInpageUI -->
        <test-method signature="loginTestFlow()[pri:2, instance:org.kadam.SignInPageTest@9353778]" started-at="2024-07-02T01:01:12 IST" name="loginTestFlow" finished-at="2024-07-02T01:01:58 IST" duration-ms="45733" status="PASS">
          <reporter-output>
          </reporter-output>
        </test-method> <!-- loginTestFlow -->
        <test-method signature="loginRealFlow()[pri:3, instance:org.kadam.SignInPageTest@9353778]" started-at="2024-07-02T01:01:58 IST" name="loginRealFlow" finished-at="2024-07-02T01:02:01 IST" duration-ms="2805" status="PASS">
          <reporter-output>
          </reporter-output>
        </test-method> <!-- loginRealFlow -->
        <test-method is-config="true" signature="closeBrowser()[pri:0, instance:org.kadam.SignInPageTest@9353778]" started-at="2024-07-02T01:02:01 IST" name="closeBrowser" finished-at="2024-07-02T01:02:01 IST" duration-ms="365" status="PASS">
          <reporter-output>
          </reporter-output>
        </test-method> <!-- closeBrowser -->
      </class> <!-- org.kadam.SignInPageTest -->
    </test> <!-- Edge Tests -->
  </suite> <!-- All Test Suite -->
</testng-results>
