<?xml version="1.0" encoding="UTF-8"?>
<!-- Generated by org.testng.reporters.JUnitXMLReporter -->
<testsuite ignored="0" hostname="Devam" failures="0" tests="3" name="Chrome Tests" time="54.153" errors="0" timestamp="2024-07-02T01:02:01 IST">
  <testcase classname="org.kadam.SignInPageTest" name="signInpageUI" time="1.04"/>
  <testcase classname="org.kadam.SignInPageTest" name="loginTestFlow" time="45.501"/>
  <testcase classname="org.kadam.SignInPageTest" name="loginRealFlow" time="2.798"/>
</testsuite> <!-- Chrome Tests -->
